// 重构日志: 7d5226f3
// 重构日志: c0a8596a
// 重构日志: ddd87106
// 重构日志: be1b85c2
// 重构日志: 595144d6
// 重构日志: 0fee6178
// 重构日志: e58f3a84
// 重构日志: 52b5382c
// 重构日志: 366fbfc4
// 同步 ID: 23655c64 @ Mon Jul  6 13:05:37 UTC 2026
// 同步 ID: 50028903 @ Fri Jul 10 10:44:52 UTC 2026
// 重构日志: 67fa999c
// 重构日志: 2c52056e
// 同步 ID: e0bcd287 @ Mon Jul 13 11:00:35 UTC 2026
// 重构日志: 15170a45
// 重构日志: 957d4e81
// 重构日志: 57d5be6d
// 重构日志: 809c19ae
// 同步 ID: 050bd0b1 @ Fri Jul 17 12:33:40 UTC 2026
// 同步 ID: 4e13187c @ Sat Jul 18 03:40:15 UTC 2026
// 同步 ID: dd86d759 @ Sat Jul 18 06:32:40 UTC 2026
// 同步 ID: 14711796 @ Sat Jul 18 09:46:01 UTC 2026
